2021-10-08 09:39:40 [main] INFO  epam.task1.service.impl.ArrayServiceIntStreamImpl - The maximum by IntStream is OptionalInt[56]
2021-10-08 09:39:40 [main] INFO  epam.task1.service.impl.ArrayServiceIntStreamImpl - The sum by IntStream is 145
2021-10-08 09:39:40 [main] INFO  epam.task1.service.impl.ArrayServiceIntStreamImpl - The average by IntStream is OptionalDouble[18.125]
2021-10-08 09:39:40 [main] INFO  epam.task1.service.impl.ArrayServiceIntStreamImpl - The number of positive elements by IntStream is 6
2021-10-08 09:39:40 [main] INFO  epam.task1.service.impl.ArrayServiceIntStreamImpl - The number of negative elements by IntStream is 2
2021-10-08 09:39:40 [main] INFO  epam.task1.service.impl.ArrayServiceIntStreamImpl - The swapped array by IntStream is [45, 999, 34, 56, 22, 56, 999, 35]
2021-10-08 09:39:40 [main] INFO  epam.task1.service.impl.ArrayServiceIntStreamImpl - The sorted array by IntStream is [-100, -3, 22, 34, 35, 45, 56, 56]
2021-10-08 09:42:57 [main] INFO  epam.task1.reader.impl.InfoReaderImpl - file:/C:/Users/User/IdeaProjects/task1/target/classes/data/info.txt
2021-10-08 09:42:57 [main] INFO  by.epam.task1.main.Main - CustomArray = [45, -3, 34, 56, 22, 56, -100, 35]
2021-10-08 09:42:57 [main] INFO  epam.task1.service.impl.ArrayServiceImpl - The maximum elements is 56
2021-10-08 09:42:57 [main] INFO  epam.task1.service.impl.ArrayServiceImpl - The minimum elements is -100
2021-10-08 09:42:57 [main] INFO  epam.task1.service.impl.ArrayServiceImpl - The sum of elements is 145
2021-10-08 09:42:57 [main] INFO  epam.task1.service.impl.ArrayServiceImpl - The sum of elements is 145
2021-10-08 09:42:57 [main] INFO  epam.task1.service.impl.ArrayServiceImpl - The average of elements is 18.125
2021-10-08 09:42:57 [main] INFO  epam.task1.service.impl.ArrayServiceImpl - The array after swapping negative elements to 100 is [45, 9999, 34, 56, 22, 56, 9999, 35]
2021-10-08 09:42:57 [main] INFO  epam.task1.service.impl.ArrayServiceImpl - There are 6 positive elements
2021-10-08 09:42:57 [main] INFO  epam.task1.service.impl.ArrayServiceImpl - There are 2 negative elements
2021-10-08 09:42:57 [main] INFO  epam.task1.service.impl.ArrayServiceImpl - Shell sort: [-100, -3, 22, 34, 35, 45, 56, 56]
2021-10-08 09:42:57 [main] INFO  epam.task1.service.impl.ArrayServiceImpl - Insertion sort: [-100, -3, 22, 34, 35, 45, 56, 56]
2021-10-08 09:42:57 [main] INFO  epam.task1.service.impl.ArrayServiceImpl - Quick sort: [-100, -3, 22, 34, 35, 45, 56, 56]
2021-10-08 09:42:57 [main] INFO  epam.task1.service.impl.ArrayServiceIntStreamImpl - The minimum by IntStream is OptionalInt[-100]
2021-10-08 09:42:57 [main] INFO  epam.task1.service.impl.ArrayServiceIntStreamImpl - The maximum by IntStream is OptionalInt[56]
2021-10-08 09:42:57 [main] INFO  epam.task1.service.impl.ArrayServiceIntStreamImpl - The sum by IntStream is 145
2021-10-08 09:42:57 [main] INFO  epam.task1.service.impl.ArrayServiceIntStreamImpl - The average by IntStream is OptionalDouble[18.125]
2021-10-08 09:42:57 [main] INFO  epam.task1.service.impl.ArrayServiceIntStreamImpl - The number of positive elements by IntStream is 6
2021-10-08 09:42:57 [main] INFO  epam.task1.service.impl.ArrayServiceIntStreamImpl - The number of negative elements by IntStream is 2
2021-10-08 09:42:57 [main] INFO  epam.task1.service.impl.ArrayServiceIntStreamImpl - The swapped array by IntStream is [45, 999, 34, 56, 22, 56, 999, 35]
2021-10-08 09:42:57 [main] INFO  epam.task1.service.impl.ArrayServiceIntStreamImpl - The sorted array by IntStream is [-100, -3, 22, 34, 35, 45, 56, 56]
2021-10-08 09:44:02 [main] INFO  epam.task1.reader.impl.InfoReaderImpl - file:/C:/Users/User/IdeaProjects/task1/target/classes/data/info.txt
2021-10-08 09:44:02 [main] INFO  epam.task1.reader.impl.InfoReaderImpl - C:\Users\User\IdeaProjects\task1\target\classes\data\info.txt
2021-10-08 09:44:02 [main] INFO  by.epam.task1.main.Main - CustomArray = [45, -3, 34, 56, 22, 56, -100, 35]
2021-10-08 09:44:02 [main] INFO  epam.task1.service.impl.ArrayServiceImpl - The maximum elements is 56
2021-10-08 09:44:02 [main] INFO  epam.task1.service.impl.ArrayServiceImpl - The minimum elements is -100
2021-10-08 09:44:02 [main] INFO  epam.task1.service.impl.ArrayServiceImpl - The sum of elements is 145
2021-10-08 09:44:02 [main] INFO  epam.task1.service.impl.ArrayServiceImpl - The sum of elements is 145
2021-10-08 09:44:02 [main] INFO  epam.task1.service.impl.ArrayServiceImpl - The average of elements is 18.125
2021-10-08 09:44:02 [main] INFO  epam.task1.service.impl.ArrayServiceImpl - The array after swapping negative elements to 100 is [45, 9999, 34, 56, 22, 56, 9999, 35]
2021-10-08 09:44:02 [main] INFO  epam.task1.service.impl.ArrayServiceImpl - There are 6 positive elements
2021-10-08 09:44:02 [main] INFO  epam.task1.service.impl.ArrayServiceImpl - There are 2 negative elements
2021-10-08 09:44:02 [main] INFO  epam.task1.service.impl.ArrayServiceImpl - Shell sort: [-100, -3, 22, 34, 35, 45, 56, 56]
2021-10-08 09:44:02 [main] INFO  epam.task1.service.impl.ArrayServiceImpl - Insertion sort: [-100, -3, 22, 34, 35, 45, 56, 56]
2021-10-08 09:44:02 [main] INFO  epam.task1.service.impl.ArrayServiceImpl - Quick sort: [-100, -3, 22, 34, 35, 45, 56, 56]
2021-10-08 09:44:02 [main] INFO  epam.task1.service.impl.ArrayServiceIntStreamImpl - The minimum by IntStream is OptionalInt[-100]
2021-10-08 09:44:02 [main] INFO  epam.task1.service.impl.ArrayServiceIntStreamImpl - The maximum by IntStream is OptionalInt[56]
2021-10-08 09:44:02 [main] INFO  epam.task1.service.impl.ArrayServiceIntStreamImpl - The sum by IntStream is 145
2021-10-08 09:44:02 [main] INFO  epam.task1.service.impl.ArrayServiceIntStreamImpl - The average by IntStream is OptionalDouble[18.125]
2021-10-08 09:44:02 [main] INFO  epam.task1.service.impl.ArrayServiceIntStreamImpl - The number of positive elements by IntStream is 6
2021-10-08 09:44:02 [main] INFO  epam.task1.service.impl.ArrayServiceIntStreamImpl - The number of negative elements by IntStream is 2
2021-10-08 09:44:02 [main] INFO  epam.task1.service.impl.ArrayServiceIntStreamImpl - The swapped array by IntStream is [45, 999, 34, 56, 22, 56, 999, 35]
2021-10-08 09:44:02 [main] INFO  epam.task1.service.impl.ArrayServiceIntStreamImpl - The sorted array by IntStream is [-100, -3, 22, 34, 35, 45, 56, 56]
2021-10-08 09:49:45 [main] ERROR epam.task1.creator.impl.ArrayCreatorImpl - The argument array is empty, new object will not be created
2021-10-08 09:57:57 [main] ERROR epam.task1.creator.impl.ArrayCreatorImpl - The argument array is empty, new object will not be created
2021-10-08 10:13:30 [main] INFO  epam.task1.service.impl.ArrayServiceImpl - The minimum elements is 8
2021-10-08 10:13:53 [main] INFO  epam.task1.service.impl.ArrayServiceImpl - The minimum elements is 8
2021-10-08 10:21:26 [main] INFO  epam.task1.service.impl.ArrayServiceImpl - The minimum elements is -222
2021-10-08 10:23:48 [main] INFO  epam.task1.service.impl.ArrayServiceImpl - The maximum elements is 878
2021-10-08 10:23:48 [main] INFO  epam.task1.service.impl.ArrayServiceImpl - The minimum elements is -222
2021-10-08 10:24:27 [main] INFO  epam.task1.service.impl.ArrayServiceImpl - The maximum elements is 878
2021-10-08 10:24:56 [main] INFO  epam.task1.service.impl.ArrayServiceImpl - The sum of elements is 1413
2021-10-08 10:24:56 [main] INFO  epam.task1.service.impl.ArrayServiceImpl - The average of elements is 176.625
2021-10-08 10:25:09 [main] INFO  epam.task1.service.impl.ArrayServiceImpl - The sum of elements is 1413
2021-10-08 10:25:09 [main] INFO  epam.task1.service.impl.ArrayServiceImpl - The average of elements is 176.625
2021-10-08 10:26:31 [main] INFO  epam.task1.service.impl.ArrayServiceImpl - The sum of elements is 1413
2021-10-08 10:28:56 [main] INFO  epam.task1.service.impl.ArrayServiceImpl - The sum of elements is 1413
2021-10-08 10:28:56 [main] INFO  epam.task1.service.impl.ArrayServiceImpl - The average of elements is 176.625
2021-10-08 10:28:56 [main] INFO  epam.task1.service.impl.ArrayServiceImpl - The maximum elements is 878
2021-10-08 10:28:56 [main] INFO  epam.task1.service.impl.ArrayServiceImpl - The minimum elements is -222
2021-10-08 10:28:56 [main] ERROR epam.task1.service.impl.ArrayServiceImpl - There is integer overflow while counting the sum of elements of CustomArray = [5, 2147483646, 1]
2021-10-08 10:28:56 [main] INFO  epam.task1.service.impl.ArrayServiceImpl - The sum of elements is 1413
2021-10-08 10:31:48 [main] INFO  epam.task1.service.impl.ArrayServiceImpl - There are 6 positive elements
2021-10-10 14:11:08 [main] ERROR epam.task1.reader.impl.InfoReaderImpl - Reading of data/info.txt is failed or interrupted
java.io.FileNotFoundException: data\info.txt (Системе не удается найти указанный путь)
	at java.io.FileInputStream.open0(Native Method) ~[?:?]
	at java.io.FileInputStream.open(FileInputStream.java:211) ~[?:?]
	at java.io.FileInputStream.<init>(FileInputStream.java:153) ~[?:?]
	at java.io.FileInputStream.<init>(FileInputStream.java:108) ~[?:?]
	at java.io.FileReader.<init>(FileReader.java:60) ~[?:?]
	at by.epam.task1.reader.impl.InfoReaderImpl.readLine(InfoReaderImpl.java:38) [classes/:?]
	at by.epam.task1.main.Main.main(Main.java:33) [classes/:?]
2021-10-10 14:11:08 [main] ERROR by.epam.task1.main.Main - by.epam.task1.exception.CustomArrayException: Reading of data/info.txt is failed or interrupted
2021-10-10 14:11:39 [main] INFO  by.epam.task1.main.Main - CustomArray = [45, -3, 34, 56, 22, 56, -100, 35]
2021-10-10 14:11:39 [main] INFO  epam.task1.service.impl.ArrayServiceImpl - The maximum elements is 56
2021-10-10 14:11:39 [main] INFO  epam.task1.service.impl.ArrayServiceImpl - The minimum elements is -100
2021-10-10 14:11:39 [main] INFO  epam.task1.service.impl.ArrayServiceImpl - The sum of elements is 145
2021-10-10 14:11:39 [main] INFO  epam.task1.service.impl.ArrayServiceImpl - The sum of elements is 145
2021-10-10 14:11:39 [main] INFO  epam.task1.service.impl.ArrayServiceImpl - The average of elements is 18.125
2021-10-10 14:11:39 [main] INFO  epam.task1.service.impl.ArrayServiceImpl - The array after swapping negative elements to 100 is [45, 9999, 34, 56, 22, 56, 9999, 35]
