2021-10-05 10:24:34 [main] INFO  epam.task1.service.impl.ArrayServiceImpl - The sum of elements is 55
2021-10-05 10:24:34 [main] INFO  epam.task1.service.impl.ArrayServiceImpl - The sum of elements is 55
2021-10-05 10:24:34 [main] INFO  epam.task1.service.impl.ArrayServiceImpl - The array after swapping negative elements to 100 is [8, 9, 100, 43]
2021-10-05 10:24:34 [main] INFO  epam.task1.service.impl.ArrayServiceImpl - There are 3 positive elements
2021-10-05 10:24:34 [main] INFO  epam.task1.service.impl.ArrayServiceImpl - There are 1 negative elements
2021-10-05 10:24:34 [main] INFO  epam.task1.service.impl.ArrayServiceImpl - Shell sort: [-5, 8, 9, 43]
2021-10-05 10:24:34 [main] INFO  epam.task1.service.impl.ArrayServiceImpl - Insertion sort: [-5, 8, 9, 43]
2021-10-05 10:24:34 [main] INFO  epam.task1.service.impl.ArrayServiceImpl - Quick sort: [-5, 8, 9, 43]
2021-10-05 10:24:34 [main] INFO  epam.task1.service.impl.ArrayServiceImplIntStream - The minimum by IntStream is -5
2021-10-05 10:25:18 [main] ERROR epam.task1.parser.impl.ArrayParserImpl - The String 8,9,-5,43,e cannot be parsed
java.lang.NumberFormatException: For input string: "e"
	at java.lang.NumberFormatException.forInputString(NumberFormatException.java:67) ~[?:?]
	at java.lang.Integer.parseInt(Integer.java:660) ~[?:?]
	at java.lang.Integer.parseInt(Integer.java:778) ~[?:?]
	at by.epam.task1.parser.impl.ArrayParserImpl.parseStringToIntegerArray(ArrayParserImpl.java:23) [classes/:?]
	at by.epam.task1.main.Main.main(Main.java:33) [classes/:?]
2021-10-05 10:26:13 [main] INFO  by.epam.task1.main.Main - CustomArray = [45, -3, 34, 56, 22, 56, -100, 35]
2021-10-05 10:26:13 [main] INFO  epam.task1.service.impl.ArrayServiceImpl - The maximum elements is 56
2021-10-05 10:26:13 [main] INFO  epam.task1.service.impl.ArrayServiceImpl - The minimum elements is -100
2021-10-05 10:26:13 [main] INFO  epam.task1.service.impl.ArrayServiceImpl - The sum of elements is 145
2021-10-05 10:26:13 [main] INFO  epam.task1.service.impl.ArrayServiceImpl - The sum of elements is 145
2021-10-05 10:26:13 [main] INFO  epam.task1.service.impl.ArrayServiceImpl - The array after swapping negative elements to 100 is [45, 100, 34, 56, 22, 56, 100, 35]
2021-10-05 10:26:13 [main] INFO  epam.task1.service.impl.ArrayServiceImpl - There are 6 positive elements
2021-10-05 10:26:13 [main] INFO  epam.task1.service.impl.ArrayServiceImpl - There are 2 negative elements
2021-10-05 10:26:13 [main] INFO  epam.task1.service.impl.ArrayServiceImpl - Shell sort: [-100, -3, 22, 34, 35, 45, 56, 56]
2021-10-05 10:26:13 [main] INFO  epam.task1.service.impl.ArrayServiceImpl - Insertion sort: [-100, -3, 22, 34, 35, 45, 56, 56]
2021-10-05 10:26:13 [main] INFO  epam.task1.service.impl.ArrayServiceImpl - Quick sort: [-100, -3, 22, 34, 35, 45, 56, 56]
2021-10-05 10:26:13 [main] INFO  epam.task1.service.impl.ArrayServiceImplIntStream - The minimum by IntStream is -100
2021-10-05 10:29:00 [main] INFO  by.epam.task1.main.Main - CustomArray = [45, -3, 34, 56, 22, 56, -100, 35]
2021-10-05 10:29:00 [main] INFO  epam.task1.service.impl.ArrayServiceImpl - The maximum elements is 56
2021-10-05 10:29:00 [main] INFO  epam.task1.service.impl.ArrayServiceImpl - The minimum elements is -100
2021-10-05 10:29:00 [main] INFO  epam.task1.service.impl.ArrayServiceImpl - The sum of elements is 145
2021-10-05 10:29:00 [main] INFO  epam.task1.service.impl.ArrayServiceImpl - The sum of elements is 145
2021-10-05 10:29:00 [main] INFO  epam.task1.service.impl.ArrayServiceImpl - The array after swapping negative elements to 100 is [45, 100, 34, 56, 22, 56, 100, 35]
2021-10-05 10:29:00 [main] INFO  epam.task1.service.impl.ArrayServiceImpl - There are 6 positive elements
2021-10-05 10:29:00 [main] INFO  epam.task1.service.impl.ArrayServiceImpl - There are 2 negative elements
2021-10-05 10:29:00 [main] INFO  epam.task1.service.impl.ArrayServiceImpl - Shell sort: [-100, -3, 22, 34, 35, 45, 56, 56]
2021-10-05 10:29:00 [main] INFO  epam.task1.service.impl.ArrayServiceImpl - Insertion sort: [-100, -3, 22, 34, 35, 45, 56, 56]
2021-10-05 10:29:00 [main] INFO  epam.task1.service.impl.ArrayServiceImpl - Quick sort: [-100, -3, 22, 34, 35, 45, 56, 56]
2021-10-05 10:29:00 [main] INFO  epam.task1.service.impl.ArrayServiceImplIntStream - The minimum by IntStream is -100
2021-10-05 10:29:00 [main] INFO  epam.task1.service.impl.ArrayServiceImplIntStream - The maximum by IntStream is 56
2021-10-05 10:29:00 [main] INFO  epam.task1.service.impl.ArrayServiceImplIntStream - The sum by IntStream is 145
2021-10-05 10:29:00 [main] INFO  epam.task1.service.impl.ArrayServiceImplIntStream - The average by IntStream is 18.125
2021-10-05 10:29:00 [main] INFO  epam.task1.service.impl.ArrayServiceImplIntStream - The number of positive elements by IntStream is 6
2021-10-05 10:29:00 [main] INFO  epam.task1.service.impl.ArrayServiceImplIntStream - The number of negative elements by IntStream is 2
2021-10-05 10:29:00 [main] INFO  epam.task1.service.impl.ArrayServiceImplIntStream - The swapped array by IntStream is [45, -3, 34, 56, 22, 56, -100, 35]
2021-10-05 10:32:47 [main] INFO  by.epam.task1.main.Main - CustomArray = [45, -3, 34, 56, 22, 56, -100, 35]
2021-10-05 10:32:47 [main] INFO  epam.task1.service.impl.ArrayServiceImpl - The maximum elements is 56
2021-10-05 10:32:47 [main] INFO  epam.task1.service.impl.ArrayServiceImpl - The minimum elements is -100
2021-10-05 10:32:47 [main] INFO  epam.task1.service.impl.ArrayServiceImpl - The sum of elements is 145
2021-10-05 10:32:47 [main] INFO  epam.task1.service.impl.ArrayServiceImpl - The sum of elements is 145
2021-10-05 10:32:47 [main] INFO  epam.task1.service.impl.ArrayServiceImpl - The array after swapping negative elements to 100 is [45, 100, 34, 56, 22, 56, 100, 35]
2021-10-05 10:32:47 [main] INFO  epam.task1.service.impl.ArrayServiceImpl - There are 6 positive elements
2021-10-05 10:32:47 [main] INFO  epam.task1.service.impl.ArrayServiceImpl - There are 2 negative elements
2021-10-05 10:32:47 [main] INFO  epam.task1.service.impl.ArrayServiceImpl - Shell sort: [-100, -3, 22, 34, 35, 45, 56, 56]
2021-10-05 10:32:47 [main] INFO  epam.task1.service.impl.ArrayServiceImpl - Insertion sort: [-100, -3, 22, 34, 35, 45, 56, 56]
2021-10-05 10:32:47 [main] INFO  epam.task1.service.impl.ArrayServiceImpl - Quick sort: [-100, -3, 22, 34, 35, 45, 56, 56]
2021-10-05 10:32:47 [main] INFO  epam.task1.service.impl.ArrayServiceImplIntStream - The minimum by IntStream is -100
2021-10-05 10:32:47 [main] INFO  epam.task1.service.impl.ArrayServiceImplIntStream - The maximum by IntStream is 56
2021-10-05 10:32:47 [main] INFO  epam.task1.service.impl.ArrayServiceImplIntStream - The sum by IntStream is 145
2021-10-05 10:32:47 [main] INFO  epam.task1.service.impl.ArrayServiceImplIntStream - The average by IntStream is 18.125
2021-10-05 10:32:47 [main] INFO  epam.task1.service.impl.ArrayServiceImplIntStream - The number of positive elements by IntStream is 6
2021-10-05 10:32:47 [main] INFO  epam.task1.service.impl.ArrayServiceImplIntStream - The number of negative elements by IntStream is 2
2021-10-05 10:32:47 [main] INFO  epam.task1.service.impl.ArrayServiceImplIntStream - The swapped array by IntStream is java.util.stream.IntPipeline$4@4659191b
2021-10-05 19:20:33 [main] INFO  by.epam.task1.main.Main - CustomArray = [45, -3, 34, 56, 22, 56, -100, 35]
2021-10-05 19:20:33 [main] INFO  epam.task1.service.impl.ArrayServiceImpl - The maximum elements is 56
2021-10-05 19:20:33 [main] INFO  epam.task1.service.impl.ArrayServiceImpl - The minimum elements is -100
2021-10-05 19:20:33 [main] INFO  epam.task1.service.impl.ArrayServiceImpl - The sum of elements is 145
2021-10-05 19:20:33 [main] INFO  epam.task1.service.impl.ArrayServiceImpl - The sum of elements is 145
2021-10-05 19:20:33 [main] INFO  epam.task1.service.impl.ArrayServiceImpl - The array after swapping negative elements to 100 is [45, 100, 34, 56, 22, 56, 100, 35]
2021-10-05 19:20:33 [main] INFO  epam.task1.service.impl.ArrayServiceImpl - There are 6 positive elements
2021-10-05 19:20:33 [main] INFO  epam.task1.service.impl.ArrayServiceImpl - There are 2 negative elements
2021-10-05 19:20:33 [main] INFO  epam.task1.service.impl.ArrayServiceImpl - Shell sort: [-100, -3, 22, 34, 35, 45, 56, 56]
2021-10-05 19:20:33 [main] INFO  epam.task1.service.impl.ArrayServiceImpl - Insertion sort: [-100, -3, 22, 34, 35, 45, 56, 56]
2021-10-05 19:20:33 [main] INFO  epam.task1.service.impl.ArrayServiceImpl - Quick sort: [-100, -3, 22, 34, 35, 45, 56, 56]
2021-10-05 19:20:33 [main] INFO  epam.task1.service.impl.ArrayServiceImplIntStream - The minimum by IntStream is -100
2021-10-05 19:20:33 [main] INFO  epam.task1.service.impl.ArrayServiceImplIntStream - The maximum by IntStream is 56
2021-10-05 19:20:33 [main] INFO  epam.task1.service.impl.ArrayServiceImplIntStream - The sum by IntStream is 145
2021-10-05 19:20:33 [main] INFO  epam.task1.service.impl.ArrayServiceImplIntStream - The average by IntStream is 18.125
2021-10-05 19:20:33 [main] INFO  epam.task1.service.impl.ArrayServiceImplIntStream - The number of positive elements by IntStream is 6
2021-10-05 19:20:33 [main] INFO  epam.task1.service.impl.ArrayServiceImplIntStream - The number of negative elements by IntStream is 2
2021-10-05 19:20:33 [main] INFO  epam.task1.service.impl.ArrayServiceImplIntStream - The swapped array by IntStream is java.util.stream.IntPipeline$4@4659191b
2021-10-05 19:25:54 [main] INFO  by.epam.task1.main.Main - CustomArray = [45, -3, 34, 56, 22, 56, -100, 35]
2021-10-05 19:25:54 [main] INFO  epam.task1.service.impl.ArrayServiceImpl - The maximum elements is 56
2021-10-05 19:25:54 [main] INFO  epam.task1.service.impl.ArrayServiceImpl - The minimum elements is -100
2021-10-05 19:25:54 [main] INFO  epam.task1.service.impl.ArrayServiceImpl - The sum of elements is 145
2021-10-05 19:25:54 [main] INFO  epam.task1.service.impl.ArrayServiceImpl - The sum of elements is 145
2021-10-05 19:25:54 [main] INFO  epam.task1.service.impl.ArrayServiceImpl - The array after swapping negative elements to 100 is [45, 100, 34, 56, 22, 56, 100, 35]
2021-10-05 19:25:54 [main] INFO  epam.task1.service.impl.ArrayServiceImpl - There are 6 positive elements
