2021-10-07 22:16:28 [main] INFO  by.epam.task1.main.Main - CustomArray = [45, -3, 34, 56, 22, 56, -100, 35]
2021-10-07 22:16:28 [main] INFO  epam.task1.service.impl.ArrayServiceImpl - The maximum elements is 56
2021-10-07 22:16:28 [main] INFO  epam.task1.service.impl.ArrayServiceImpl - The minimum elements is -100
2021-10-07 22:16:28 [main] INFO  epam.task1.service.impl.ArrayServiceImpl - The sum of elements is 145
2021-10-07 22:16:28 [main] INFO  epam.task1.service.impl.ArrayServiceImpl - The sum of elements is 145
2021-10-07 22:16:28 [main] INFO  epam.task1.service.impl.ArrayServiceImpl - The average of elements is 18.125
2021-10-07 22:16:28 [main] INFO  epam.task1.service.impl.ArrayServiceImpl - The array after swapping negative elements to 100 is [45, 9999, 34, 56, 22, 56, 9999, 35]
2021-10-07 22:16:28 [main] INFO  epam.task1.service.impl.ArrayServiceImpl - There are 6 positive elements
2021-10-07 22:16:28 [main] INFO  epam.task1.service.impl.ArrayServiceImpl - There are 2 negative elements
2021-10-07 22:16:28 [main] INFO  epam.task1.service.impl.ArrayServiceImpl - Shell sort: [-100, -3, 22, 34, 35, 45, 56, 56]
2021-10-07 22:16:28 [main] INFO  epam.task1.service.impl.ArrayServiceImpl - Insertion sort: [-100, -3, 22, 34, 35, 45, 56, 56]
2021-10-07 22:16:28 [main] INFO  epam.task1.service.impl.ArrayServiceImpl - Quick sort: [-100, -3, 22, 34, 35, 45, 56, 56]
2021-10-07 22:16:28 [main] INFO  epam.task1.service.impl.ArrayServiceIntStreamImpl - The minimum by IntStream is OptionalInt[-100]
2021-10-07 22:16:28 [main] INFO  epam.task1.service.impl.ArrayServiceIntStreamImpl - The maximum by IntStream is OptionalInt[56]
2021-10-07 22:16:28 [main] INFO  epam.task1.service.impl.ArrayServiceIntStreamImpl - The sum by IntStream is 145
2021-10-07 22:16:28 [main] INFO  epam.task1.service.impl.ArrayServiceIntStreamImpl - The average by IntStream is OptionalDouble[18.125]
2021-10-07 22:16:28 [main] INFO  epam.task1.service.impl.ArrayServiceIntStreamImpl - The number of positive elements by IntStream is 6
2021-10-07 22:16:28 [main] INFO  epam.task1.service.impl.ArrayServiceIntStreamImpl - The number of negative elements by IntStream is 2
2021-10-07 22:16:28 [main] INFO  epam.task1.service.impl.ArrayServiceIntStreamImpl - The swapped array by IntStream is [45, 999, 34, 56, 22, 56, 999, 35]
2021-10-07 22:16:28 [main] INFO  epam.task1.service.impl.ArrayServiceIntStreamImpl - The sorted array by IntStream is [-100, -3, 22, 34, 35, 45, 56, 56]
2021-10-07 22:18:15 [main] INFO  by.epam.task1.main.Main - CustomArray = [45, -3, 34, 56, 22, 56, -100, 35]
2021-10-07 22:18:15 [main] INFO  epam.task1.service.impl.ArrayServiceImpl - The maximum elements is 56
2021-10-07 22:18:15 [main] INFO  epam.task1.service.impl.ArrayServiceImpl - The minimum elements is -100
2021-10-07 22:18:15 [main] INFO  epam.task1.service.impl.ArrayServiceImpl - The sum of elements is 145
2021-10-07 22:18:15 [main] INFO  epam.task1.service.impl.ArrayServiceImpl - The sum of elements is 145
2021-10-07 22:18:15 [main] INFO  epam.task1.service.impl.ArrayServiceImpl - The average of elements is 18.125
2021-10-07 22:18:15 [main] INFO  epam.task1.service.impl.ArrayServiceImpl - The array after swapping negative elements to 100 is [45, 9999, 34, 56, 22, 56, 9999, 35]
2021-10-07 22:18:15 [main] INFO  epam.task1.service.impl.ArrayServiceImpl - There are 6 positive elements
2021-10-07 22:18:15 [main] INFO  epam.task1.service.impl.ArrayServiceImpl - There are 2 negative elements
2021-10-07 22:18:15 [main] INFO  epam.task1.service.impl.ArrayServiceImpl - Shell sort: [-100, -3, 22, 34, 35, 45, 56, 56]
2021-10-07 22:18:15 [main] INFO  epam.task1.service.impl.ArrayServiceImpl - Insertion sort: [-100, -3, 22, 34, 35, 45, 56, 56]
2021-10-07 22:18:15 [main] INFO  epam.task1.service.impl.ArrayServiceImpl - Quick sort: [-100, -3, 22, 34, 35, 45, 56, 56]
2021-10-07 22:18:15 [main] INFO  epam.task1.service.impl.ArrayServiceIntStreamImpl - The minimum by IntStream is OptionalInt[-100]
2021-10-07 22:18:15 [main] INFO  epam.task1.service.impl.ArrayServiceIntStreamImpl - The maximum by IntStream is OptionalInt[56]
2021-10-07 22:18:15 [main] INFO  epam.task1.service.impl.ArrayServiceIntStreamImpl - The sum by IntStream is 145
2021-10-07 22:18:15 [main] INFO  epam.task1.service.impl.ArrayServiceIntStreamImpl - The average by IntStream is OptionalDouble[18.125]
2021-10-07 22:18:15 [main] INFO  epam.task1.service.impl.ArrayServiceIntStreamImpl - The number of positive elements by IntStream is 6
2021-10-07 22:18:15 [main] INFO  epam.task1.service.impl.ArrayServiceIntStreamImpl - The number of negative elements by IntStream is 2
2021-10-07 22:18:15 [main] INFO  epam.task1.service.impl.ArrayServiceIntStreamImpl - The swapped array by IntStream is [45, 999, 34, 56, 22, 56, 999, 35]
2021-10-07 22:18:15 [main] INFO  epam.task1.service.impl.ArrayServiceIntStreamImpl - The sorted array by IntStream is [-100, -3, 22, 34, 35, 45, 56, 56]
2021-10-07 22:18:34 [main] INFO  by.epam.task1.main.Main - CustomArray = [45, -3, 34, 56, 22, 56, -100, 35]
2021-10-07 22:18:34 [main] INFO  epam.task1.service.impl.ArrayServiceImpl - The maximum elements is 56
2021-10-07 22:18:34 [main] INFO  epam.task1.service.impl.ArrayServiceImpl - The minimum elements is -100
2021-10-07 22:18:34 [main] INFO  epam.task1.service.impl.ArrayServiceImpl - The sum of elements is 145
2021-10-07 22:18:34 [main] INFO  epam.task1.service.impl.ArrayServiceImpl - The sum of elements is 145
2021-10-07 22:18:34 [main] INFO  epam.task1.service.impl.ArrayServiceImpl - The average of elements is 18.125
2021-10-07 22:18:34 [main] INFO  epam.task1.service.impl.ArrayServiceImpl - The array after swapping negative elements to 100 is [45, 9999, 34, 56, 22, 56, 9999, 35]
2021-10-07 22:18:34 [main] INFO  epam.task1.service.impl.ArrayServiceImpl - There are 6 positive elements
2021-10-07 22:18:34 [main] INFO  epam.task1.service.impl.ArrayServiceImpl - There are 2 negative elements
2021-10-07 22:18:34 [main] INFO  epam.task1.service.impl.ArrayServiceImpl - Shell sort: [-100, -3, 22, 34, 35, 45, 56, 56]
2021-10-07 22:18:34 [main] INFO  epam.task1.service.impl.ArrayServiceImpl - Insertion sort: [-100, -3, 22, 34, 35, 45, 56, 56]
2021-10-07 22:18:34 [main] INFO  epam.task1.service.impl.ArrayServiceImpl - Quick sort: [-100, -3, 22, 34, 35, 45, 56, 56]
2021-10-07 22:18:34 [main] INFO  epam.task1.service.impl.ArrayServiceIntStreamImpl - The minimum by IntStream is OptionalInt[-100]
2021-10-07 22:18:34 [main] INFO  epam.task1.service.impl.ArrayServiceIntStreamImpl - The maximum by IntStream is OptionalInt[56]
2021-10-07 22:18:34 [main] INFO  epam.task1.service.impl.ArrayServiceIntStreamImpl - The sum by IntStream is 145
2021-10-07 22:18:34 [main] INFO  epam.task1.service.impl.ArrayServiceIntStreamImpl - The average by IntStream is OptionalDouble[18.125]
2021-10-07 22:18:34 [main] INFO  epam.task1.service.impl.ArrayServiceIntStreamImpl - The number of positive elements by IntStream is 6
2021-10-07 22:18:34 [main] INFO  epam.task1.service.impl.ArrayServiceIntStreamImpl - The number of negative elements by IntStream is 2
2021-10-07 22:18:35 [main] INFO  epam.task1.service.impl.ArrayServiceIntStreamImpl - The swapped array by IntStream is [45, 999, 34, 56, 22, 56, 999, 35]
2021-10-07 22:18:35 [main] INFO  epam.task1.service.impl.ArrayServiceIntStreamImpl - The sorted array by IntStream is [-100, -3, 22, 34, 35, 45, 56, 56]
2021-10-07 22:23:32 [main] ERROR epam.task1.parser.impl.ArrayParserImpl - The String 2.3, 4.5, 6.7 cannot be parsed
java.lang.NumberFormatException: For input string: "2.3"
	at java.lang.NumberFormatException.forInputString(NumberFormatException.java:67) ~[?:?]
	at java.lang.Integer.parseInt(Integer.java:660) ~[?:?]
	at java.lang.Integer.parseInt(Integer.java:778) ~[?:?]
	at by.epam.task1.parser.impl.ArrayParserImpl.parseToIntegerArray(ArrayParserImpl.java:19) ~[classes/:?]
	at test.by.epam.task1.parser.ArrayParserImplTest.parseToIntegerNegativeArrayTest(ArrayParserImplTest.java:15) ~[test-classes/:?]
	at jdk.internal.reflect.NativeMethodAccessorImpl.invoke0(Native Method) ~[?:?]
	at jdk.internal.reflect.NativeMethodAccessorImpl.invoke(NativeMethodAccessorImpl.java:78) ~[?:?]
	at jdk.internal.reflect.DelegatingMethodAccessorImpl.invoke(DelegatingMethodAccessorImpl.java:43) ~[?:?]
	at java.lang.reflect.Method.invoke(Method.java:567) ~[?:?]
	at org.testng.internal.MethodInvocationHelper.invokeMethod(MethodInvocationHelper.java:133) ~[testng-7.4.0.jar:7.4.0]
	at org.testng.internal.TestInvoker.invokeMethod(TestInvoker.java:598) ~[testng-7.4.0.jar:7.4.0]
	at org.testng.internal.TestInvoker.invokeTestMethod(TestInvoker.java:173) ~[testng-7.4.0.jar:7.4.0]
	at org.testng.internal.MethodRunner.runInSequence(MethodRunner.java:46) ~[testng-7.4.0.jar:7.4.0]
	at org.testng.internal.TestInvoker$MethodInvocationAgent.invoke(TestInvoker.java:824) ~[testng-7.4.0.jar:7.4.0]
	at org.testng.internal.TestInvoker.invokeTestMethods(TestInvoker.java:146) ~[testng-7.4.0.jar:7.4.0]
	at org.testng.internal.TestMethodWorker.invokeTestMethods(TestMethodWorker.java:146) ~[testng-7.4.0.jar:7.4.0]
	at org.testng.internal.TestMethodWorker.run(TestMethodWorker.java:128) ~[testng-7.4.0.jar:7.4.0]
	at java.util.ArrayList.forEach(ArrayList.java:1511) [?:?]
	at org.testng.TestRunner.privateRun(TestRunner.java:794) [testng-7.4.0.jar:7.4.0]
	at org.testng.TestRunner.run(TestRunner.java:596) [testng-7.4.0.jar:7.4.0]
	at org.testng.SuiteRunner.runTest(SuiteRunner.java:377) [testng-7.4.0.jar:7.4.0]
	at org.testng.SuiteRunner.runSequentially(SuiteRunner.java:371) [testng-7.4.0.jar:7.4.0]
	at org.testng.SuiteRunner.privateRun(SuiteRunner.java:332) [testng-7.4.0.jar:7.4.0]
	at org.testng.SuiteRunner.run(SuiteRunner.java:276) [testng-7.4.0.jar:7.4.0]
	at org.testng.SuiteRunnerWorker.runSuite(SuiteRunnerWorker.java:53) [testng-7.4.0.jar:7.4.0]
	at org.testng.SuiteRunnerWorker.run(SuiteRunnerWorker.java:96) [testng-7.4.0.jar:7.4.0]
	at org.testng.TestNG.runSuitesSequentially(TestNG.java:1212) [testng-7.4.0.jar:7.4.0]
	at org.testng.TestNG.runSuitesLocally(TestNG.java:1134) [testng-7.4.0.jar:7.4.0]
	at org.testng.TestNG.runSuites(TestNG.java:1063) [testng-7.4.0.jar:7.4.0]
	at org.testng.TestNG.run(TestNG.java:1031) [testng-7.4.0.jar:7.4.0]
	at com.intellij.rt.testng.IDEARemoteTestNG.run(IDEARemoteTestNG.java:66) [testng-rt.jar:?]
	at com.intellij.rt.testng.RemoteTestNGStarter.main(RemoteTestNGStarter.java:109) [testng-rt.jar:?]
