2021-10-01 08:10:44 [main] ERROR epam.task1.reader.impl.InfoReaderImpl - The data source resources\info.txt was not found
java.io.FileNotFoundException: resources\info.txt (Системе не удается найти указанный путь)
	at java.io.FileInputStream.open0(Native Method) ~[?:?]
	at java.io.FileInputStream.open(FileInputStream.java:211) ~[?:?]
	at java.io.FileInputStream.<init>(FileInputStream.java:153) ~[?:?]
	at java.io.FileInputStream.<init>(FileInputStream.java:108) ~[?:?]
	at java.io.FileReader.<init>(FileReader.java:60) ~[?:?]
	at by.epam.task1.reader.impl.InfoReaderImpl.readLine(InfoReaderImpl.java:23) [classes/:?]
	at by.epam.task1.main.Main.main(Main.java:29) [classes/:?]
2021-10-01 08:10:44 [main] ERROR by.epam.task1.main.Main - by.epam.task1.exception.CustomArrayException
2021-10-01 08:12:31 [main] ERROR epam.task1.reader.impl.InfoReaderImpl - The data source main\resources\info.txt was not found
java.io.FileNotFoundException: main\resources\info.txt (Системе не удается найти указанный путь)
	at java.io.FileInputStream.open0(Native Method) ~[?:?]
	at java.io.FileInputStream.open(FileInputStream.java:211) ~[?:?]
	at java.io.FileInputStream.<init>(FileInputStream.java:153) ~[?:?]
	at java.io.FileInputStream.<init>(FileInputStream.java:108) ~[?:?]
	at java.io.FileReader.<init>(FileReader.java:60) ~[?:?]
	at by.epam.task1.reader.impl.InfoReaderImpl.readLine(InfoReaderImpl.java:23) [classes/:?]
	at by.epam.task1.main.Main.main(Main.java:29) [classes/:?]
2021-10-01 08:12:31 [main] ERROR by.epam.task1.main.Main - by.epam.task1.exception.CustomArrayException
2021-10-01 08:21:46 [main] INFO  epam.task1.service.impl.ArrayServiceImpl - The maximum elements is 56
2021-10-01 08:21:46 [main] INFO  epam.task1.service.impl.ArrayServiceImpl - The minimum elements is -100
2021-10-01 08:21:46 [main] INFO  epam.task1.service.impl.ArrayServiceImpl - The sum of elements is 145
2021-10-01 08:21:46 [main] INFO  epam.task1.service.impl.ArrayServiceImpl - The sum of elements is 145
2021-10-01 08:21:46 [main] INFO  epam.task1.service.impl.ArrayServiceImpl - The array after swapping negative elements to 100 is [45, 100, 34, 56, 22, 56, 100, 35]
2021-10-01 08:21:46 [main] INFO  epam.task1.service.impl.ArrayServiceImpl - There are 6 positive elements
2021-10-01 08:21:46 [main] INFO  epam.task1.service.impl.ArrayServiceImpl - There are 2 negative elements
2021-10-01 09:11:32 [main] INFO  by.epam.task1.main.Main - [I@3b6ddd1d
2021-10-01 09:11:32 [main] INFO  epam.task1.service.impl.ArrayServiceImpl - The maximum elements is 56
2021-10-01 09:11:32 [main] INFO  epam.task1.service.impl.ArrayServiceImpl - The minimum elements is -100
2021-10-01 09:11:32 [main] INFO  epam.task1.service.impl.ArrayServiceImpl - The sum of elements is 145
2021-10-01 09:11:32 [main] INFO  epam.task1.service.impl.ArrayServiceImpl - The sum of elements is 145
2021-10-01 09:11:32 [main] INFO  epam.task1.service.impl.ArrayServiceImpl - The array after swapping negative elements to 100 is [45, 100, 34, 56, 22, 56, 100, 35]
2021-10-01 09:11:32 [main] INFO  epam.task1.service.impl.ArrayServiceImpl - There are 6 positive elements
2021-10-01 09:11:32 [main] INFO  epam.task1.service.impl.ArrayServiceImpl - There are 2 negative elements
2021-10-01 09:13:16 [main] INFO  by.epam.task1.main.Main - [I@3b6ddd1d
2021-10-01 09:13:16 [main] INFO  epam.task1.service.impl.ArrayServiceImpl - The maximum elements is 56
2021-10-01 09:13:16 [main] INFO  epam.task1.service.impl.ArrayServiceImpl - The minimum elements is -100
2021-10-01 09:13:16 [main] INFO  epam.task1.service.impl.ArrayServiceImpl - The sum of elements is 145
2021-10-01 09:13:16 [main] INFO  epam.task1.service.impl.ArrayServiceImpl - The sum of elements is 145
2021-10-01 09:13:16 [main] INFO  epam.task1.service.impl.ArrayServiceImpl - The array after swapping negative elements to 100 is [45, 100, 34, 56, 22, 56, 100, 35]
2021-10-01 09:13:16 [main] INFO  epam.task1.service.impl.ArrayServiceImpl - There are 6 positive elements
2021-10-01 09:13:16 [main] INFO  epam.task1.service.impl.ArrayServiceImpl - There are 2 negative elements
2021-10-01 09:13:56 [main] INFO  by.epam.task1.main.Main - [I@5562c41e
2021-10-01 09:13:56 [main] INFO  epam.task1.service.impl.ArrayServiceImpl - The maximum elements is 56
2021-10-01 09:13:56 [main] INFO  epam.task1.service.impl.ArrayServiceImpl - The minimum elements is -100
2021-10-01 09:13:56 [main] INFO  epam.task1.service.impl.ArrayServiceImpl - The sum of elements is 145
2021-10-01 09:13:56 [main] INFO  epam.task1.service.impl.ArrayServiceImpl - The sum of elements is 145
2021-10-01 09:13:56 [main] INFO  epam.task1.service.impl.ArrayServiceImpl - The array after swapping negative elements to 100 is [45, 100, 34, 56, 22, 56, 100, 35]
2021-10-01 09:13:56 [main] INFO  epam.task1.service.impl.ArrayServiceImpl - There are 6 positive elements
2021-10-01 09:13:56 [main] INFO  epam.task1.service.impl.ArrayServiceImpl - There are 2 negative elements
2021-10-01 09:14:45 [main] INFO  by.epam.task1.main.Main - [I@5562c41e
2021-10-01 09:14:45 [main] INFO  epam.task1.service.impl.ArrayServiceImpl - The maximum elements is 56
2021-10-01 09:14:45 [main] INFO  epam.task1.service.impl.ArrayServiceImpl - The minimum elements is -100
2021-10-01 09:14:45 [main] INFO  epam.task1.service.impl.ArrayServiceImpl - The sum of elements is 145
2021-10-01 09:14:45 [main] INFO  epam.task1.service.impl.ArrayServiceImpl - The sum of elements is 145
2021-10-01 09:14:45 [main] INFO  epam.task1.service.impl.ArrayServiceImpl - The array after swapping negative elements to 100 is [45, 100, 34, 56, 22, 56, 100, 35]
2021-10-01 09:14:45 [main] INFO  epam.task1.service.impl.ArrayServiceImpl - There are 6 positive elements
2021-10-01 09:14:45 [main] INFO  epam.task1.service.impl.ArrayServiceImpl - There are 2 negative elements
2021-10-01 09:15:01 [main] INFO  by.epam.task1.main.Main - [I@5562c41e
2021-10-01 09:15:01 [main] INFO  epam.task1.service.impl.ArrayServiceImpl - The maximum elements is 56
2021-10-01 09:15:01 [main] INFO  epam.task1.service.impl.ArrayServiceImpl - The minimum elements is -100
2021-10-01 09:15:01 [main] INFO  epam.task1.service.impl.ArrayServiceImpl - The sum of elements is 145
2021-10-01 09:15:01 [main] INFO  epam.task1.service.impl.ArrayServiceImpl - The sum of elements is 145
2021-10-01 09:15:01 [main] INFO  epam.task1.service.impl.ArrayServiceImpl - The array after swapping negative elements to 100 is [45, 100, 34, 56, 22, 56, 100, 35]
2021-10-01 09:15:01 [main] INFO  epam.task1.service.impl.ArrayServiceImpl - There are 6 positive elements
2021-10-01 09:15:01 [main] INFO  epam.task1.service.impl.ArrayServiceImpl - There are 2 negative elements
2021-10-01 09:15:30 [main] INFO  by.epam.task1.main.Main - [I@5562c41e
2021-10-01 09:15:30 [main] INFO  epam.task1.service.impl.ArrayServiceImpl - The maximum elements is 56
2021-10-01 09:15:30 [main] INFO  epam.task1.service.impl.ArrayServiceImpl - The minimum elements is -100
2021-10-01 09:15:30 [main] INFO  epam.task1.service.impl.ArrayServiceImpl - The sum of elements is 145
2021-10-01 09:15:30 [main] INFO  epam.task1.service.impl.ArrayServiceImpl - The sum of elements is 145
2021-10-01 09:15:30 [main] INFO  epam.task1.service.impl.ArrayServiceImpl - The array after swapping negative elements to 100 is [45, 100, 34, 56, 22, 56, 100, 35]
2021-10-01 09:15:30 [main] INFO  epam.task1.service.impl.ArrayServiceImpl - There are 6 positive elements
2021-10-01 09:15:30 [main] INFO  epam.task1.service.impl.ArrayServiceImpl - There are 2 negative elements
2021-10-01 09:18:50 [main] INFO  by.epam.task1.main.Main - [I@5562c41e
2021-10-01 09:18:50 [main] INFO  epam.task1.service.impl.ArrayServiceImpl - The maximum elements is 56
2021-10-01 09:18:50 [main] INFO  epam.task1.service.impl.ArrayServiceImpl - The minimum elements is -100
2021-10-01 09:18:50 [main] INFO  epam.task1.service.impl.ArrayServiceImpl - The sum of elements is 145
2021-10-01 09:18:50 [main] INFO  epam.task1.service.impl.ArrayServiceImpl - The sum of elements is 145
2021-10-01 09:18:50 [main] INFO  epam.task1.service.impl.ArrayServiceImpl - The array after swapping negative elements to 100 is [45, 100, 34, 56, 22, 56, 100, 35]
2021-10-01 09:18:50 [main] INFO  epam.task1.service.impl.ArrayServiceImpl - There are 6 positive elements
2021-10-01 09:18:50 [main] INFO  epam.task1.service.impl.ArrayServiceImpl - There are 2 negative elements
2021-10-01 09:19:21 [main] INFO  by.epam.task1.main.Main - CustomArray = [[45, -3, 34, 56, 22, 56, -100, 35]]
2021-10-01 09:19:21 [main] INFO  epam.task1.service.impl.ArrayServiceImpl - The maximum elements is 56
2021-10-01 09:19:21 [main] INFO  epam.task1.service.impl.ArrayServiceImpl - The minimum elements is -100
2021-10-01 09:19:21 [main] INFO  epam.task1.service.impl.ArrayServiceImpl - The sum of elements is 145
2021-10-01 09:19:21 [main] INFO  epam.task1.service.impl.ArrayServiceImpl - The sum of elements is 145
2021-10-01 09:19:21 [main] INFO  epam.task1.service.impl.ArrayServiceImpl - The array after swapping negative elements to 100 is [45, 100, 34, 56, 22, 56, 100, 35]
2021-10-01 09:19:21 [main] INFO  epam.task1.service.impl.ArrayServiceImpl - There are 6 positive elements
2021-10-01 09:19:21 [main] INFO  epam.task1.service.impl.ArrayServiceImpl - There are 2 negative elements
2021-10-01 09:19:36 [main] INFO  by.epam.task1.main.Main - CustomArray = [[45, -3, 34, 56, 22, 56, -100, 35]]
2021-10-01 09:19:36 [main] INFO  epam.task1.service.impl.ArrayServiceImpl - The maximum elements is 56
2021-10-01 09:19:36 [main] INFO  epam.task1.service.impl.ArrayServiceImpl - The minimum elements is -100
2021-10-01 09:19:36 [main] INFO  epam.task1.service.impl.ArrayServiceImpl - The sum of elements is 145
2021-10-01 09:19:36 [main] INFO  epam.task1.service.impl.ArrayServiceImpl - The sum of elements is 145
2021-10-01 09:19:36 [main] INFO  epam.task1.service.impl.ArrayServiceImpl - The array after swapping negative elements to 100 is [45, 100, 34, 56, 22, 56, 100, 35]
2021-10-01 09:19:36 [main] INFO  epam.task1.service.impl.ArrayServiceImpl - There are 6 positive elements
2021-10-01 09:19:36 [main] INFO  epam.task1.service.impl.ArrayServiceImpl - There are 2 negative elements
2021-10-01 09:20:31 [main] INFO  by.epam.task1.main.Main - CustomArray = [45, -3, 34, 56, 22, 56, -100, 35]
2021-10-01 09:20:31 [main] INFO  epam.task1.service.impl.ArrayServiceImpl - The maximum elements is 56
2021-10-01 09:20:31 [main] INFO  epam.task1.service.impl.ArrayServiceImpl - The minimum elements is -100
2021-10-01 09:20:31 [main] INFO  epam.task1.service.impl.ArrayServiceImpl - The sum of elements is 145
2021-10-01 09:20:31 [main] INFO  epam.task1.service.impl.ArrayServiceImpl - The sum of elements is 145
2021-10-01 09:20:31 [main] INFO  epam.task1.service.impl.ArrayServiceImpl - The array after swapping negative elements to 100 is [45, 100, 34, 56, 22, 56, 100, 35]
2021-10-01 09:20:31 [main] INFO  epam.task1.service.impl.ArrayServiceImpl - There are 6 positive elements
2021-10-01 09:20:31 [main] INFO  epam.task1.service.impl.ArrayServiceImpl - There are 2 negative elements
2021-10-01 09:54:16 [main] INFO  by.epam.task1.main.Main - CustomArray = [45, -3, 34, 56, 22, 56, -100, 35]
2021-10-01 09:54:16 [main] INFO  epam.task1.service.impl.ArrayServiceImpl - The maximum elements is 56
2021-10-01 09:54:16 [main] INFO  epam.task1.service.impl.ArrayServiceImpl - The minimum elements is -100
2021-10-01 09:54:16 [main] INFO  epam.task1.service.impl.ArrayServiceImpl - The sum of elements is 145
2021-10-01 09:54:16 [main] INFO  epam.task1.service.impl.ArrayServiceImpl - The sum of elements is 145
2021-10-01 09:54:16 [main] INFO  epam.task1.service.impl.ArrayServiceImpl - The array after swapping negative elements to 100 is [45, 100, 34, 56, 22, 56, 100, 35]
2021-10-01 09:54:16 [main] INFO  epam.task1.service.impl.ArrayServiceImpl - There are 6 positive elements
2021-10-01 09:54:16 [main] INFO  epam.task1.service.impl.ArrayServiceImpl - There are 2 negative elements
2021-10-01 09:54:16 [main] INFO  epam.task1.service.impl.ArrayServiceImpl - CustomArray = [-100, -3, 22, 34, 35, 45, 56, 56]
2021-10-01 10:10:07 [main] INFO  by.epam.task1.main.Main - CustomArray = [45, -3, 34, 56, 22, 56, -100, 35]
2021-10-01 10:10:07 [main] INFO  epam.task1.service.impl.ArrayServiceImpl - The maximum elements is 56
2021-10-01 10:10:07 [main] INFO  epam.task1.service.impl.ArrayServiceImpl - The minimum elements is -100
2021-10-01 10:10:07 [main] INFO  epam.task1.service.impl.ArrayServiceImpl - The sum of elements is 145
2021-10-01 10:10:07 [main] INFO  epam.task1.service.impl.ArrayServiceImpl - The sum of elements is 145
2021-10-01 10:10:07 [main] INFO  epam.task1.service.impl.ArrayServiceImpl - The array after swapping negative elements to 100 is [45, 100, 34, 56, 22, 56, 100, 35]
2021-10-01 10:10:07 [main] INFO  epam.task1.service.impl.ArrayServiceImpl - There are 6 positive elements
2021-10-01 10:10:07 [main] INFO  epam.task1.service.impl.ArrayServiceImpl - There are 2 negative elements
2021-10-01 10:10:07 [main] INFO  epam.task1.service.impl.ArrayServiceImpl - CustomArray = [-100, -3, 22, 34, 35, 45, 56, 56]
2021-10-01 10:10:07 [main] INFO  epam.task1.service.impl.ArrayServiceImpl - CustomArray = [-100, -3, 22, 34, 35, 45, 56, 56]
2021-10-01 10:11:58 [main] INFO  by.epam.task1.main.Main - CustomArray = [45, -3, 34, 56, 22, 56, -100, 35]
2021-10-01 10:11:58 [main] INFO  epam.task1.service.impl.ArrayServiceImpl - The maximum elements is 56
2021-10-01 10:11:59 [main] INFO  epam.task1.service.impl.ArrayServiceImpl - The minimum elements is -100
2021-10-01 10:11:59 [main] INFO  epam.task1.service.impl.ArrayServiceImpl - The sum of elements is 145
2021-10-01 10:11:59 [main] INFO  epam.task1.service.impl.ArrayServiceImpl - The sum of elements is 145
2021-10-01 10:11:59 [main] INFO  epam.task1.service.impl.ArrayServiceImpl - The array after swapping negative elements to 100 is [45, 100, 34, 56, 22, 56, 100, 35]
2021-10-01 10:11:59 [main] INFO  epam.task1.service.impl.ArrayServiceImpl - There are 6 positive elements
2021-10-01 10:11:59 [main] INFO  epam.task1.service.impl.ArrayServiceImpl - There are 2 negative elements
2021-10-01 10:11:59 [main] INFO  epam.task1.service.impl.ArrayServiceImpl - Shell sort for CustomArray = [-100, -3, 22, 34, 35, 45, 56, 56]
2021-10-01 10:11:59 [main] INFO  epam.task1.service.impl.ArrayServiceImpl - insertion sort for CustomArray = [-100, -3, 22, 34, 35, 45, 56, 56]
2021-10-01 10:12:48 [main] INFO  by.epam.task1.main.Main - CustomArray = [45, -3, 34, 56, 22, 56, -100, 35]
2021-10-01 10:12:48 [main] INFO  epam.task1.service.impl.ArrayServiceImpl - The maximum elements is 56
2021-10-01 10:12:48 [main] INFO  epam.task1.service.impl.ArrayServiceImpl - The minimum elements is -100
2021-10-01 10:12:48 [main] INFO  epam.task1.service.impl.ArrayServiceImpl - The sum of elements is 145
2021-10-01 10:12:48 [main] INFO  epam.task1.service.impl.ArrayServiceImpl - The sum of elements is 145
2021-10-01 10:12:48 [main] INFO  epam.task1.service.impl.ArrayServiceImpl - The array after swapping negative elements to 100 is [45, 100, 34, 56, 22, 56, 100, 35]
2021-10-01 10:12:48 [main] INFO  epam.task1.service.impl.ArrayServiceImpl - There are 6 positive elements
2021-10-01 10:12:48 [main] INFO  epam.task1.service.impl.ArrayServiceImpl - There are 2 negative elements
2021-10-01 10:12:48 [main] INFO  epam.task1.service.impl.ArrayServiceImpl - Shell sort for CustomArray = [-100, -3, 22, 34, 35, 45, 56, 56]
2021-10-01 10:12:48 [main] INFO  epam.task1.service.impl.ArrayServiceImpl - Insertion sort for CustomArray = [-100, -3, 22, 34, 35, 45, 56, 56]
2021-10-01 11:11:19 [main] INFO  by.epam.task1.main.Main - CustomArray = [45, -3, 34, 56, 22, 56, -100, 35]
2021-10-01 11:11:19 [main] INFO  epam.task1.service.impl.ArrayServiceImpl - The maximum elements is 56
2021-10-01 11:11:19 [main] INFO  epam.task1.service.impl.ArrayServiceImpl - The minimum elements is -100
2021-10-01 11:11:19 [main] INFO  epam.task1.service.impl.ArrayServiceImpl - The sum of elements is 145
2021-10-01 11:11:19 [main] INFO  epam.task1.service.impl.ArrayServiceImpl - The sum of elements is 145
2021-10-01 11:11:19 [main] INFO  epam.task1.service.impl.ArrayServiceImpl - The array after swapping negative elements to 100 is [45, 100, 34, 56, 22, 56, 100, 35]
2021-10-01 11:11:19 [main] INFO  epam.task1.service.impl.ArrayServiceImpl - There are 6 positive elements
2021-10-01 11:11:19 [main] INFO  epam.task1.service.impl.ArrayServiceImpl - There are 2 negative elements
2021-10-01 11:11:19 [main] INFO  epam.task1.service.impl.ArrayServiceImpl - Shell sort for CustomArray = [-100, -3, 22, 34, 35, 45, 56, 56]
2021-10-01 11:11:19 [main] INFO  by.epam.task1.main.Main - CustomArray = [-100, -3, 22, 34, 35, 45, 56, 56]
2021-10-01 11:11:19 [main] INFO  epam.task1.service.impl.ArrayServiceImpl - Insertion sort for CustomArray = [-100, -3, 22, 34, 35, 45, 56, 56]
2021-10-03 23:44:22 [main] INFO  by.epam.task1.main.Main - CustomArray = [45, -3, 34, 56, 22, 56, -100, 35]
2021-10-03 23:44:22 [main] INFO  epam.task1.service.impl.ArrayServiceImpl - The maximum elements is 56
2021-10-03 23:44:22 [main] INFO  epam.task1.service.impl.ArrayServiceImpl - The minimum elements is -100
2021-10-03 23:44:22 [main] INFO  epam.task1.service.impl.ArrayServiceImpl - The sum of elements is 145
2021-10-03 23:44:22 [main] INFO  epam.task1.service.impl.ArrayServiceImpl - The sum of elements is 145
2021-10-03 23:44:22 [main] INFO  epam.task1.service.impl.ArrayServiceImpl - The array after swapping negative elements to 100 is [45, 100, 34, 56, 22, 56, 100, 35]
2021-10-03 23:44:22 [main] INFO  epam.task1.service.impl.ArrayServiceImpl - There are 6 positive elements
2021-10-03 23:44:22 [main] INFO  epam.task1.service.impl.ArrayServiceImpl - There are 2 negative elements
2021-10-03 23:44:22 [main] INFO  epam.task1.service.impl.ArrayServiceImpl - Shell sort for CustomArray = [45, -3, 34, 56, 22, 56, -100, 35]
2021-10-03 23:44:22 [main] INFO  by.epam.task1.main.Main - CustomArray = [45, -3, 34, 56, 22, 56, -100, 35]
2021-10-03 23:44:22 [main] INFO  epam.task1.service.impl.ArrayServiceImpl - Insertion sort for CustomArray = [-100, -3, 22, 34, 35, 45, 56, 56]
2021-10-03 23:46:41 [main] INFO  by.epam.task1.main.Main - CustomArray = [45, -3, 34, 56, 22, 56, -100, 35]
2021-10-03 23:46:41 [main] INFO  epam.task1.service.impl.ArrayServiceImpl - The maximum elements is 56
2021-10-03 23:46:41 [main] INFO  epam.task1.service.impl.ArrayServiceImpl - The minimum elements is -100
2021-10-03 23:46:41 [main] INFO  epam.task1.service.impl.ArrayServiceImpl - The sum of elements is 145
2021-10-03 23:46:41 [main] INFO  epam.task1.service.impl.ArrayServiceImpl - The sum of elements is 145
2021-10-03 23:46:41 [main] INFO  epam.task1.service.impl.ArrayServiceImpl - The array after swapping negative elements to 100 is [45, 100, 34, 56, 22, 56, 100, 35]
2021-10-03 23:46:41 [main] INFO  epam.task1.service.impl.ArrayServiceImpl - There are 6 positive elements
2021-10-03 23:46:41 [main] INFO  epam.task1.service.impl.ArrayServiceImpl - There are 2 negative elements
2021-10-03 23:46:41 [main] INFO  epam.task1.service.impl.ArrayServiceImpl - Shell sort for CustomArray = [-100, -3, 22, 34, 35, 45, 56, 56]
2021-10-03 23:46:41 [main] INFO  by.epam.task1.main.Main - CustomArray = [-100, -3, 22, 34, 35, 45, 56, 56]
2021-10-03 23:46:41 [main] INFO  epam.task1.service.impl.ArrayServiceImpl - Insertion sort for CustomArray = [-100, -3, 22, 34, 35, 45, 56, 56]
2021-10-04 19:12:32 [main] INFO  by.epam.task1.main.Main - CustomArray = [45, -3, 34, 56, 22, 56, -100, 35]
2021-10-04 19:12:32 [main] INFO  epam.task1.service.impl.ArrayServiceImpl - The maximum elements is 56
2021-10-04 19:12:32 [main] INFO  epam.task1.service.impl.ArrayServiceImpl - The minimum elements is -100
2021-10-04 19:12:32 [main] INFO  epam.task1.service.impl.ArrayServiceImpl - The sum of elements is 145
2021-10-04 19:12:32 [main] INFO  epam.task1.service.impl.ArrayServiceImpl - The sum of elements is 145
2021-10-04 19:12:32 [main] INFO  epam.task1.service.impl.ArrayServiceImpl - The array after swapping negative elements to 100 is [45, 100, 34, 56, 22, 56, 100, 35]
2021-10-04 19:12:32 [main] INFO  epam.task1.service.impl.ArrayServiceImpl - There are 6 positive elements
2021-10-04 19:12:32 [main] INFO  epam.task1.service.impl.ArrayServiceImpl - There are 2 negative elements
2021-10-04 19:12:32 [main] INFO  epam.task1.service.impl.ArrayServiceImpl - Shell sort for CustomArray = [45, -3, 34, 56, 22, 56, -100, 35]
2021-10-04 19:12:32 [main] INFO  by.epam.task1.main.Main - CustomArray = [45, -3, 34, 56, 22, 56, -100, 35]
2021-10-04 19:12:32 [main] INFO  epam.task1.service.impl.ArrayServiceImpl - Insertion sort for CustomArray = [-100, -3, 22, 34, 35, 45, 56, 56]
2021-10-04 19:14:01 [main] INFO  by.epam.task1.main.Main - CustomArray = [45, -3, 34, 56, 22, 56, -100, 35]
2021-10-04 19:14:01 [main] INFO  epam.task1.service.impl.ArrayServiceImpl - The maximum elements is 56
2021-10-04 19:14:01 [main] INFO  epam.task1.service.impl.ArrayServiceImpl - The minimum elements is -100
2021-10-04 19:14:01 [main] INFO  epam.task1.service.impl.ArrayServiceImpl - The sum of elements is 145
2021-10-04 19:14:01 [main] INFO  epam.task1.service.impl.ArrayServiceImpl - The sum of elements is 145
2021-10-04 19:14:01 [main] INFO  epam.task1.service.impl.ArrayServiceImpl - The array after swapping negative elements to 100 is [45, 100, 34, 56, 22, 56, 100, 35]
2021-10-04 19:14:01 [main] INFO  epam.task1.service.impl.ArrayServiceImpl - There are 6 positive elements
2021-10-04 19:14:01 [main] INFO  epam.task1.service.impl.ArrayServiceImpl - There are 2 negative elements
2021-10-04 19:14:01 [main] INFO  epam.task1.service.impl.ArrayServiceImpl - Shell sort for [-100, -3, 22, 34, 35, 45, 56, 56]
2021-10-04 19:14:01 [main] INFO  by.epam.task1.main.Main - CustomArray = [45, -3, 34, 56, 22, 56, -100, 35]
2021-10-04 19:14:01 [main] INFO  epam.task1.service.impl.ArrayServiceImpl - Insertion sort for CustomArray = [-100, -3, 22, 34, 35, 45, 56, 56]
2021-10-04 19:18:55 [main] INFO  by.epam.task1.main.Main - CustomArray = [45, -3, 34, 56, 22, 56, -100, 35]
2021-10-04 19:18:55 [main] INFO  epam.task1.service.impl.ArrayServiceImpl - The maximum elements is 56
2021-10-04 19:18:55 [main] INFO  epam.task1.service.impl.ArrayServiceImpl - The minimum elements is -100
2021-10-04 19:18:55 [main] INFO  epam.task1.service.impl.ArrayServiceImpl - The sum of elements is 145
2021-10-04 19:18:55 [main] INFO  epam.task1.service.impl.ArrayServiceImpl - The sum of elements is 145
2021-10-04 19:18:55 [main] INFO  epam.task1.service.impl.ArrayServiceImpl - The array after swapping negative elements to 100 is [45, 100, 34, 56, 22, 56, 100, 35]
2021-10-04 19:18:55 [main] INFO  epam.task1.service.impl.ArrayServiceImpl - There are 6 positive elements
2021-10-04 19:18:55 [main] INFO  epam.task1.service.impl.ArrayServiceImpl - There are 2 negative elements
2021-10-04 19:18:55 [main] INFO  epam.task1.service.impl.ArrayServiceImpl - Shell sort: [-100, -3, 22, 34, 35, 45, 56, 56]
2021-10-04 19:18:55 [main] INFO  by.epam.task1.main.Main - CustomArray = [45, -3, 34, 56, 22, 56, -100, 35]
2021-10-04 19:18:55 [main] INFO  epam.task1.service.impl.ArrayServiceImpl - Insertion sort: [I@316bcf94
2021-10-04 19:18:55 [main] INFO  epam.task1.service.impl.ArrayServiceImpl - Quick sort: [45, -3, 34, 56, 22, 56, -100, 35]
2021-10-04 19:18:55 [main] INFO  epam.task1.service.impl.ArrayServiceImpl - Quick sort: [45, -3, 34, 56, 22, 56, -100, 35]
2021-10-04 19:18:55 [main] INFO  epam.task1.service.impl.ArrayServiceImpl - Quick sort: [45, -3, 34, 22, 56, 56, -100, 35]
2021-10-04 19:18:55 [main] INFO  epam.task1.service.impl.ArrayServiceImpl - Quick sort: [-3, 45, 34, 56, 22, 56, -100, 35]
2021-10-04 19:18:55 [main] INFO  epam.task1.service.impl.ArrayServiceImpl - Quick sort: [22, -3, 34, 56, 45, 56, -100, 35]
2021-10-04 19:18:55 [main] INFO  epam.task1.service.impl.ArrayServiceImpl - Quick sort: [45, -3, 34, 35, 22, -100, 56, 56]
2021-10-04 19:35:07 [main] INFO  by.epam.task1.main.Main - CustomArray = [45, -3, 34, 56, 22, 56, -100, 35]
2021-10-04 19:35:07 [main] INFO  epam.task1.service.impl.ArrayServiceImpl - The maximum elements is 56
2021-10-04 19:35:07 [main] INFO  epam.task1.service.impl.ArrayServiceImpl - The minimum elements is -100
2021-10-04 19:35:07 [main] INFO  epam.task1.service.impl.ArrayServiceImpl - The sum of elements is 145
2021-10-04 19:35:07 [main] INFO  epam.task1.service.impl.ArrayServiceImpl - The sum of elements is 145
2021-10-04 19:35:07 [main] INFO  epam.task1.service.impl.ArrayServiceImpl - The array after swapping negative elements to 100 is [45, 100, 34, 56, 22, 56, 100, 35]
2021-10-04 19:35:07 [main] INFO  epam.task1.service.impl.ArrayServiceImpl - There are 6 positive elements
2021-10-04 19:35:07 [main] INFO  epam.task1.service.impl.ArrayServiceImpl - There are 2 negative elements
2021-10-04 19:35:07 [main] INFO  epam.task1.service.impl.ArrayServiceImpl - Shell sort: [-100, -3, 22, 34, 35, 45, 56, 56]
2021-10-04 19:35:07 [main] INFO  by.epam.task1.main.Main - CustomArray = [45, -3, 34, 56, 22, 56, -100, 35]
2021-10-04 19:35:07 [main] INFO  epam.task1.service.impl.ArrayServiceImpl - Insertion sort: [-100, -3, 22, 34, 35, 45, 56, 56]
2021-10-04 19:35:07 [main] INFO  epam.task1.service.impl.ArrayServiceImpl - Quick sort: [-100, -3, 22, 34, 35, 45, 56, 56]
2021-10-05 00:10:02 [main] INFO  by.epam.task1.main.Main - CustomArray = [45, -3, 34, 56, 22, 56, -100, 35]
2021-10-05 00:10:02 [main] INFO  epam.task1.service.impl.ArrayServiceImpl - The maximum elements is 56
2021-10-05 00:10:02 [main] INFO  epam.task1.service.impl.ArrayServiceImpl - The minimum elements is -100
2021-10-05 00:10:02 [main] INFO  epam.task1.service.impl.ArrayServiceImpl - The sum of elements is 145
2021-10-05 00:10:02 [main] INFO  epam.task1.service.impl.ArrayServiceImpl - The sum of elements is 145
2021-10-05 00:10:02 [main] INFO  epam.task1.service.impl.ArrayServiceImpl - The array after swapping negative elements to 100 is [45, 100, 34, 56, 22, 56, 100, 35]
2021-10-05 00:10:02 [main] INFO  epam.task1.service.impl.ArrayServiceImpl - There are 6 positive elements
2021-10-05 00:10:02 [main] INFO  epam.task1.service.impl.ArrayServiceImpl - There are 2 negative elements
2021-10-05 00:10:02 [main] INFO  epam.task1.service.impl.ArrayServiceImpl - Shell sort: [-100, -3, 22, 34, 35, 45, 56, 56]
2021-10-05 00:10:02 [main] INFO  epam.task1.service.impl.ArrayServiceImpl - Insertion sort: [-100, -3, 22, 34, 35, 45, 56, 56]
2021-10-05 00:10:02 [main] INFO  epam.task1.service.impl.ArrayServiceImpl - Quick sort: [-100, -3, 22, 34, 35, 45, 56, 56]
2021-10-05 00:10:37 [main] INFO  by.epam.task1.main.Main - CustomArray = [8, 9, -5, 43]
2021-10-05 00:10:37 [main] INFO  epam.task1.service.impl.ArrayServiceImpl - The maximum elements is 43
2021-10-05 00:10:37 [main] INFO  epam.task1.service.impl.ArrayServiceImpl - The minimum elements is -5
2021-10-05 00:10:37 [main] INFO  epam.task1.service.impl.ArrayServiceImpl - The sum of elements is 55
2021-10-05 00:10:37 [main] INFO  epam.task1.service.impl.ArrayServiceImpl - The sum of elements is 55
2021-10-05 00:10:37 [main] INFO  epam.task1.service.impl.ArrayServiceImpl - The array after swapping negative elements to 100 is [8, 9, 100, 43]
2021-10-05 00:10:37 [main] INFO  epam.task1.service.impl.ArrayServiceImpl - There are 3 positive elements
2021-10-05 00:10:37 [main] INFO  epam.task1.service.impl.ArrayServiceImpl - There are 1 negative elements
2021-10-05 00:10:37 [main] INFO  epam.task1.service.impl.ArrayServiceImpl - Shell sort: [-5, 8, 9, 43]
2021-10-05 00:10:37 [main] INFO  epam.task1.service.impl.ArrayServiceImpl - Insertion sort: [-5, 8, 9, 43]
2021-10-05 00:10:37 [main] INFO  epam.task1.service.impl.ArrayServiceImpl - Quick sort: [-5, 8, 9, 43]
2021-10-05 00:12:57 [main] INFO  by.epam.task1.main.Main - CustomArray = [8, 9, -5, 43]
2021-10-05 00:12:57 [main] INFO  epam.task1.service.impl.ArrayServiceImpl - The maximum elements is 43
2021-10-05 00:12:57 [main] INFO  epam.task1.service.impl.ArrayServiceImpl - The minimum elements is -5
2021-10-05 00:12:57 [main] INFO  epam.task1.service.impl.ArrayServiceImpl - The sum of elements is 55
2021-10-05 00:12:57 [main] INFO  epam.task1.service.impl.ArrayServiceImpl - The sum of elements is 55
2021-10-05 00:12:57 [main] INFO  epam.task1.service.impl.ArrayServiceImpl - The array after swapping negative elements to 100 is [8, 9, 100, 43]
2021-10-05 00:12:57 [main] INFO  epam.task1.service.impl.ArrayServiceImpl - There are 3 positive elements
2021-10-05 00:12:57 [main] INFO  epam.task1.service.impl.ArrayServiceImpl - There are 1 negative elements
2021-10-05 00:12:57 [main] INFO  epam.task1.service.impl.ArrayServiceImpl - Shell sort: [-5, 8, 9, 43]
2021-10-05 00:12:57 [main] INFO  epam.task1.service.impl.ArrayServiceImpl - Insertion sort: [-5, 8, 9, 43]
2021-10-05 00:12:57 [main] INFO  epam.task1.service.impl.ArrayServiceImpl - Quick sort: [-5, 8, 9, 43]
2021-10-05 00:13:37 [main] INFO  by.epam.task1.main.Main - CustomArray = [8, 9, -5, 43]
2021-10-05 00:13:37 [main] INFO  epam.task1.service.impl.ArrayServiceImpl - The maximum elements is 43
2021-10-05 00:13:37 [main] INFO  epam.task1.service.impl.ArrayServiceImpl - The minimum elements is -5
2021-10-05 00:13:37 [main] INFO  epam.task1.service.impl.ArrayServiceImpl - The sum of elements is 55
2021-10-05 00:13:37 [main] INFO  epam.task1.service.impl.ArrayServiceImpl - The sum of elements is 55
2021-10-05 00:13:37 [main] INFO  epam.task1.service.impl.ArrayServiceImpl - The array after swapping negative elements to 100 is [8, 9, 100, 43]
2021-10-05 00:13:37 [main] INFO  epam.task1.service.impl.ArrayServiceImpl - There are 3 positive elements
2021-10-05 00:13:37 [main] INFO  epam.task1.service.impl.ArrayServiceImpl - There are 1 negative elements
2021-10-05 00:13:37 [main] INFO  epam.task1.service.impl.ArrayServiceImpl - Shell sort: [-5, 8, 9, 43]
2021-10-05 00:13:37 [main] INFO  epam.task1.service.impl.ArrayServiceImpl - Insertion sort: [-5, 8, 9, 43]
2021-10-05 00:13:37 [main] INFO  epam.task1.service.impl.ArrayServiceImpl - Quick sort: [-5, 8, 9, 43]
2021-10-05 10:24:34 [main] INFO  by.epam.task1.main.Main - CustomArray = [8, 9, -5, 43]
2021-10-05 10:24:34 [main] INFO  epam.task1.service.impl.ArrayServiceImpl - The maximum elements is 43
2021-10-05 10:24:34 [main] INFO  epam.task1.service.impl.ArrayServiceImpl - The minimum elements is -5
2021-10-05 10:24:34 [main] INFO  epam.task1.service.impl.ArrayServiceImpl - The sum of elements is 55
2021-10-05 10:24:34 [main] INFO  epam.task1.service.impl.ArrayServiceImpl - The sum of elements is 55
2021-10-05 10:24:34 [main] INFO  epam.task1.service.impl.ArrayServiceImpl - The array after swapping negative elements to 100 is [8, 9, 100, 43]
2021-10-05 10:24:34 [main] INFO  epam.task1.service.impl.ArrayServiceImpl - There are 3 positive elements
2021-10-05 10:24:34 [main] INFO  epam.task1.service.impl.ArrayServiceImpl - There are 1 negative elements
2021-10-05 10:24:34 [main] INFO  epam.task1.service.impl.ArrayServiceImpl - Shell sort: [-5, 8, 9, 43]
2021-10-05 10:24:34 [main] INFO  epam.task1.service.impl.ArrayServiceImpl - Insertion sort: [-5, 8, 9, 43]
2021-10-05 10:24:34 [main] INFO  epam.task1.service.impl.ArrayServiceImpl - Quick sort: [-5, 8, 9, 43]
2021-10-05 10:24:34 [main] INFO  epam.task1.service.impl.ArrayServiceImplIntStream - The minimum by IntStream is -5
2021-10-05 10:25:18 [main] ERROR epam.task1.parser.impl.ArrayParserImpl - The String 8,9,-5,43,e cannot be parsed
java.lang.NumberFormatException: For input string: "e"
	at java.lang.NumberFormatException.forInputString(NumberFormatException.java:67) ~[?:?]
	at java.lang.Integer.parseInt(Integer.java:660) ~[?:?]
	at java.lang.Integer.parseInt(Integer.java:778) ~[?:?]
	at by.epam.task1.parser.impl.ArrayParserImpl.parseStringToIntegerArray(ArrayParserImpl.java:23) [classes/:?]
	at by.epam.task1.main.Main.main(Main.java:33) [classes/:?]
2021-10-05 10:26:13 [main] INFO  by.epam.task1.main.Main - CustomArray = [45, -3, 34, 56, 22, 56, -100, 35]
2021-10-05 10:26:13 [main] INFO  epam.task1.service.impl.ArrayServiceImpl - The maximum elements is 56
2021-10-05 10:26:13 [main] INFO  epam.task1.service.impl.ArrayServiceImpl - The minimum elements is -100
2021-10-05 10:26:13 [main] INFO  epam.task1.service.impl.ArrayServiceImpl - The sum of elements is 145
2021-10-05 10:26:13 [main] INFO  epam.task1.service.impl.ArrayServiceImpl - The sum of elements is 145
2021-10-05 10:26:13 [main] INFO  epam.task1.service.impl.ArrayServiceImpl - The array after swapping negative elements to 100 is [45, 100, 34, 56, 22, 56, 100, 35]
2021-10-05 10:26:13 [main] INFO  epam.task1.service.impl.ArrayServiceImpl - There are 6 positive elements
2021-10-05 10:26:13 [main] INFO  epam.task1.service.impl.ArrayServiceImpl - There are 2 negative elements
2021-10-05 10:26:13 [main] INFO  epam.task1.service.impl.ArrayServiceImpl - Shell sort: [-100, -3, 22, 34, 35, 45, 56, 56]
2021-10-05 10:26:13 [main] INFO  epam.task1.service.impl.ArrayServiceImpl - Insertion sort: [-100, -3, 22, 34, 35, 45, 56, 56]
2021-10-05 10:26:13 [main] INFO  epam.task1.service.impl.ArrayServiceImpl - Quick sort: [-100, -3, 22, 34, 35, 45, 56, 56]
2021-10-05 10:26:13 [main] INFO  epam.task1.service.impl.ArrayServiceImplIntStream - The minimum by IntStream is -100
2021-10-05 10:29:00 [main] INFO  by.epam.task1.main.Main - CustomArray = [45, -3, 34, 56, 22, 56, -100, 35]
2021-10-05 10:29:00 [main] INFO  epam.task1.service.impl.ArrayServiceImpl - The maximum elements is 56
2021-10-05 10:29:00 [main] INFO  epam.task1.service.impl.ArrayServiceImpl - The minimum elements is -100
2021-10-05 10:29:00 [main] INFO  epam.task1.service.impl.ArrayServiceImpl - The sum of elements is 145
2021-10-05 10:29:00 [main] INFO  epam.task1.service.impl.ArrayServiceImpl - The sum of elements is 145
2021-10-05 10:29:00 [main] INFO  epam.task1.service.impl.ArrayServiceImpl - The array after swapping negative elements to 100 is [45, 100, 34, 56, 22, 56, 100, 35]
2021-10-05 10:29:00 [main] INFO  epam.task1.service.impl.ArrayServiceImpl - There are 6 positive elements
2021-10-05 10:29:00 [main] INFO  epam.task1.service.impl.ArrayServiceImpl - There are 2 negative elements
2021-10-05 10:29:00 [main] INFO  epam.task1.service.impl.ArrayServiceImpl - Shell sort: [-100, -3, 22, 34, 35, 45, 56, 56]
2021-10-05 10:29:00 [main] INFO  epam.task1.service.impl.ArrayServiceImpl - Insertion sort: [-100, -3, 22, 34, 35, 45, 56, 56]
2021-10-05 10:29:00 [main] INFO  epam.task1.service.impl.ArrayServiceImpl - Quick sort: [-100, -3, 22, 34, 35, 45, 56, 56]
2021-10-05 10:29:00 [main] INFO  epam.task1.service.impl.ArrayServiceImplIntStream - The minimum by IntStream is -100
2021-10-05 10:29:00 [main] INFO  epam.task1.service.impl.ArrayServiceImplIntStream - The maximum by IntStream is 56
2021-10-05 10:29:00 [main] INFO  epam.task1.service.impl.ArrayServiceImplIntStream - The sum by IntStream is 145
2021-10-05 10:29:00 [main] INFO  epam.task1.service.impl.ArrayServiceImplIntStream - The average by IntStream is 18.125
2021-10-05 10:29:00 [main] INFO  epam.task1.service.impl.ArrayServiceImplIntStream - The number of positive elements by IntStream is 6
2021-10-05 10:29:00 [main] INFO  epam.task1.service.impl.ArrayServiceImplIntStream - The number of negative elements by IntStream is 2
2021-10-05 10:29:00 [main] INFO  epam.task1.service.impl.ArrayServiceImplIntStream - The swapped array by IntStream is [45, -3, 34, 56, 22, 56, -100, 35]
2021-10-05 10:32:47 [main] INFO  by.epam.task1.main.Main - CustomArray = [45, -3, 34, 56, 22, 56, -100, 35]
2021-10-05 10:32:47 [main] INFO  epam.task1.service.impl.ArrayServiceImpl - The maximum elements is 56
2021-10-05 10:32:47 [main] INFO  epam.task1.service.impl.ArrayServiceImpl - The minimum elements is -100
2021-10-05 10:32:47 [main] INFO  epam.task1.service.impl.ArrayServiceImpl - The sum of elements is 145
2021-10-05 10:32:47 [main] INFO  epam.task1.service.impl.ArrayServiceImpl - The sum of elements is 145
2021-10-05 10:32:47 [main] INFO  epam.task1.service.impl.ArrayServiceImpl - The array after swapping negative elements to 100 is [45, 100, 34, 56, 22, 56, 100, 35]
2021-10-05 10:32:47 [main] INFO  epam.task1.service.impl.ArrayServiceImpl - There are 6 positive elements
2021-10-05 10:32:47 [main] INFO  epam.task1.service.impl.ArrayServiceImpl - There are 2 negative elements
2021-10-05 10:32:47 [main] INFO  epam.task1.service.impl.ArrayServiceImpl - Shell sort: [-100, -3, 22, 34, 35, 45, 56, 56]
2021-10-05 10:32:47 [main] INFO  epam.task1.service.impl.ArrayServiceImpl - Insertion sort: [-100, -3, 22, 34, 35, 45, 56, 56]
2021-10-05 10:32:47 [main] INFO  epam.task1.service.impl.ArrayServiceImpl - Quick sort: [-100, -3, 22, 34, 35, 45, 56, 56]
2021-10-05 10:32:47 [main] INFO  epam.task1.service.impl.ArrayServiceImplIntStream - The minimum by IntStream is -100
2021-10-05 10:32:47 [main] INFO  epam.task1.service.impl.ArrayServiceImplIntStream - The maximum by IntStream is 56
2021-10-05 10:32:47 [main] INFO  epam.task1.service.impl.ArrayServiceImplIntStream - The sum by IntStream is 145
2021-10-05 10:32:47 [main] INFO  epam.task1.service.impl.ArrayServiceImplIntStream - The average by IntStream is 18.125
2021-10-05 10:32:47 [main] INFO  epam.task1.service.impl.ArrayServiceImplIntStream - The number of positive elements by IntStream is 6
2021-10-05 10:32:47 [main] INFO  epam.task1.service.impl.ArrayServiceImplIntStream - The number of negative elements by IntStream is 2
2021-10-05 10:32:47 [main] INFO  epam.task1.service.impl.ArrayServiceImplIntStream - The swapped array by IntStream is java.util.stream.IntPipeline$4@4659191b
