2021-10-12 02:12:36 [main] INFO  epam.task1.service.impl.ArrayServiceImpl - Shell sort: [-150, -133, 2, 35, 56, 99, 333, 456, 567, 785]
2021-10-12 02:12:36 [main] INFO  epam.task1.service.impl.ArrayServiceImpl - Insertion sort: [-150, -133, 2, 35, 56, 99, 333, 456, 567, 785]
2021-10-12 02:12:36 [main] INFO  epam.task1.service.impl.ArrayServiceImpl - Quick sort: [-150, -133, 2, 35, 56, 99, 333, 456, 567, 785]
2021-10-12 02:12:36 [main] INFO  epam.task1.service.impl.ArrayServiceIntStreamImpl - The minimum by IntStream is OptionalInt[-150]
2021-10-12 02:12:36 [main] INFO  epam.task1.service.impl.ArrayServiceIntStreamImpl - The maximum by IntStream is OptionalInt[785]
2021-10-12 02:12:36 [main] INFO  epam.task1.service.impl.ArrayServiceIntStreamImpl - The sum by IntStream is 2050
2021-10-12 02:12:36 [main] INFO  epam.task1.service.impl.ArrayServiceIntStreamImpl - The average by IntStream is OptionalDouble[205.0]
2021-10-12 02:12:36 [main] INFO  epam.task1.service.impl.ArrayServiceIntStreamImpl - The number of positive elements by IntStream is 8
2021-10-12 02:12:36 [main] INFO  epam.task1.service.impl.ArrayServiceIntStreamImpl - The number of negative elements by IntStream is 2
2021-10-12 02:12:36 [main] INFO  epam.task1.service.impl.ArrayServiceIntStreamImpl - The swapped array by IntStream is [456, 785, 99, 9999, 333, 56, 2, 35, 567, 9999]
2021-10-12 02:12:36 [main] INFO  epam.task1.service.impl.ArrayServiceIntStreamImpl - The sorted array by IntStream is [-150, -133, 2, 35, 56, 99, 333, 456, 567, 785]
2021-10-12 02:15:55 [main] INFO  epam.task1.parser.impl.ArrayParserImpl - Parsing is completed
2021-10-12 02:15:55 [main] INFO  by.epam.task1.main.Main - CustomArray = [456, 785, 99, -150, 333, 56, 2, 35, 567, -133]
2021-10-12 02:15:55 [main] INFO  epam.task1.service.impl.ArrayServiceImpl - The maximum elements is OptionalInt[785]
2021-10-12 02:15:55 [main] INFO  epam.task1.service.impl.ArrayServiceImpl - The minimum elements is OptionalInt[-150]
2021-10-12 02:15:55 [main] INFO  epam.task1.service.impl.ArrayServiceImpl - The sum of elements is 2050
2021-10-12 02:15:55 [main] INFO  epam.task1.service.impl.ArrayServiceImpl - The sum of elements is 2050
2021-10-12 02:15:55 [main] INFO  epam.task1.service.impl.ArrayServiceImpl - The average of elements is OptionalDouble[205.0]
2021-10-12 02:15:55 [main] INFO  epam.task1.service.impl.ArrayServiceImpl - The array after swapping negative elements to 100 is [456, 785, 99, 9999, 333, 56, 2, 35, 567, 9999]
2021-10-12 02:15:55 [main] INFO  epam.task1.service.impl.ArrayServiceImpl - There are 8 positive elements
2021-10-12 02:15:55 [main] INFO  epam.task1.service.impl.ArrayServiceImpl - There are 2 negative elements
2021-10-12 02:15:55 [main] INFO  epam.task1.service.impl.ArrayServiceImpl - Shell sort: [-150, -133, 2, 35, 56, 99, 333, 456, 567, 785]
2021-10-12 02:15:55 [main] INFO  epam.task1.service.impl.ArrayServiceImpl - Insertion sort: [-150, -133, 2, 35, 56, 99, 333, 456, 567, 785]
2021-10-12 02:15:55 [main] INFO  epam.task1.service.impl.ArrayServiceImpl - Quick sort: [-150, -133, 2, 35, 56, 99, 333, 456, 567, 785]
2021-10-12 02:15:55 [main] INFO  epam.task1.service.impl.ArrayServiceIntStreamImpl - The minimum by IntStream is OptionalInt[-150]
2021-10-12 02:15:55 [main] INFO  epam.task1.service.impl.ArrayServiceIntStreamImpl - The maximum by IntStream is OptionalInt[785]
2021-10-12 02:15:55 [main] INFO  epam.task1.service.impl.ArrayServiceIntStreamImpl - The sum by IntStream is 2050
2021-10-12 02:15:55 [main] INFO  epam.task1.service.impl.ArrayServiceIntStreamImpl - The average by IntStream is OptionalDouble[205.0]
2021-10-12 02:15:55 [main] INFO  epam.task1.service.impl.ArrayServiceIntStreamImpl - The number of positive elements by IntStream is 8
2021-10-12 02:15:55 [main] INFO  epam.task1.service.impl.ArrayServiceIntStreamImpl - The number of negative elements by IntStream is 2
2021-10-12 02:15:55 [main] INFO  epam.task1.service.impl.ArrayServiceIntStreamImpl - The swapped array by IntStream is [456, 785, 99, 9999, 333, 56, 2, 35, 567, 9999]
2021-10-12 02:15:55 [main] INFO  epam.task1.service.impl.ArrayServiceIntStreamImpl - The sorted array by IntStream is [-150, -133, 2, 35, 56, 99, 333, 456, 567, 785]
2021-10-14 01:47:53 [main] INFO  epam.task1.parser.impl.ArrayParserImpl - Parsing is completed
2021-10-14 01:47:53 [main] INFO  epam.task1.parser.impl.ArrayParserImpl - Parsing is completed
2021-10-14 01:47:53 [main] INFO  epam.task1.parser.impl.ArrayParserImpl - Parsing is completed
2021-10-14 01:47:53 [main] INFO  epam.task1.parser.impl.ArrayParserImpl - Parsing is completed
2021-10-14 01:53:12 [main] INFO  epam.task1.parser.impl.ArrayParserImpl - Parsing is completed
2021-10-14 01:53:45 [main] INFO  epam.task1.parser.impl.ArrayParserImpl - Parsing is completed
2021-10-14 01:55:24 [main] INFO  epam.task1.parser.impl.ArrayParserImpl - Parsing is completed
2021-10-14 01:55:24 [main] INFO  by.epam.task1.main.Main - CustomArray = [456, 785, 99, -150, 333, 56, 2, 35, 567, -133]
2021-10-14 01:55:24 [main] INFO  epam.task1.service.impl.ArrayServiceImpl - The maximum elements is OptionalInt[785]
2021-10-14 01:55:24 [main] INFO  epam.task1.service.impl.ArrayServiceImpl - The minimum elements is OptionalInt[-150]
2021-10-14 01:55:24 [main] INFO  epam.task1.service.impl.ArrayServiceImpl - The sum of elements is 2050
2021-10-14 01:55:24 [main] INFO  epam.task1.service.impl.ArrayServiceImpl - The sum of elements is 2050
2021-10-14 01:55:24 [main] INFO  epam.task1.service.impl.ArrayServiceImpl - The average of elements is OptionalDouble[205.0]
2021-10-14 01:55:24 [main] INFO  epam.task1.service.impl.ArrayServiceImpl - The array after swapping negative elements to 100 is [456, 785, 99, 9999, 333, 56, 2, 35, 567, 9999]
2021-10-14 01:55:24 [main] INFO  epam.task1.service.impl.ArrayServiceImpl - There are 8 positive elements
2021-10-14 01:55:24 [main] INFO  epam.task1.service.impl.ArrayServiceImpl - There are 2 negative elements
2021-10-14 01:55:24 [main] INFO  epam.task1.service.impl.ArrayServiceImpl - Shell sort: [-150, -133, 2, 35, 56, 99, 333, 456, 567, 785]
2021-10-14 01:55:24 [main] INFO  epam.task1.service.impl.ArrayServiceImpl - Insertion sort: [-150, -133, 2, 35, 56, 99, 333, 456, 567, 785]
2021-10-14 01:55:24 [main] INFO  epam.task1.service.impl.ArrayServiceImpl - Quick sort: [-150, -133, 2, 35, 56, 99, 333, 456, 567, 785]
2021-10-14 01:55:24 [main] INFO  epam.task1.service.impl.ArrayServiceIntStreamImpl - The minimum by IntStream is OptionalInt[-150]
2021-10-14 01:55:24 [main] INFO  epam.task1.service.impl.ArrayServiceIntStreamImpl - The maximum by IntStream is OptionalInt[785]
2021-10-14 01:55:24 [main] INFO  epam.task1.service.impl.ArrayServiceIntStreamImpl - The sum by IntStream is 2050
2021-10-14 01:55:24 [main] INFO  epam.task1.service.impl.ArrayServiceIntStreamImpl - The average by IntStream is OptionalDouble[205.0]
2021-10-14 01:55:24 [main] INFO  epam.task1.service.impl.ArrayServiceIntStreamImpl - The number of positive elements by IntStream is 8
2021-10-14 01:55:24 [main] INFO  epam.task1.service.impl.ArrayServiceIntStreamImpl - The number of negative elements by IntStream is 2
2021-10-14 01:55:24 [main] INFO  epam.task1.service.impl.ArrayServiceIntStreamImpl - The swapped array by IntStream is [456, 785, 99, 9999, 333, 56, 2, 35, 567, 9999]
2021-10-14 01:55:24 [main] INFO  epam.task1.service.impl.ArrayServiceIntStreamImpl - The sorted array by IntStream is [-150, -133, 2, 35, 56, 99, 333, 456, 567, 785]
